{"logTime": "0324/134118", "correlationVector":"QbsRrLe9Kg4BhM9hB6wbQc.1","action":"SyncServerConnectionManagerRequest", "result":"SYNC_SERVER_OK", "context":{"environment":"Prod_SoutheastAsia_000j", "migrationStage":"NotStarted", "server":"GENERAL03000021"}}
{"logTime": "0324/134119", "correlationVector":"QbsRrLe9Kg4BhM9hB6wbQc.2","action":"AAD.Mip.Unpack", "result":"Success", "context":MIP_CLOUD_COMMERCIAL:Success}
{"logTime": "0324/134119", "correlationVector":"QbsRrLe9Kg4BhM9hB6wbQc.3","action":"AAD.GetKeyResponse", "result":"Success", "context":Keys=3.LastKeyStatus=Normal. 2023-12-27 09:02:58 +07.State=None. Tags: Current_encryption_keys_tag = 77+977+9e1jvv73vv73vv73vv714dhkP77+9Ywfvv70s77+9GO+/vTQARSHvv73vv71ufO+/ve+/vQfvv70=, Updated_current_encryption_keys_tag = Empty}
{"logTime": "0324/134119", "correlationVector":"QbsRrLe9Kg4BhM9hB6wbQc","action":"Initial GetUpdates", "result":"", "context":Reason: NEW_CLIENT. cV=QbsRrLe9Kg4BhM9hB6wbQc}
{"logTime": "0324/134119", "correlationVector":"QbsRrLe9Kg4BhM9hB6wbQc.4","action":"GetUpdates Response", "result":"SYNCER_OK", "context":Received 1 update(s). cV=QbsRrLe9Kg4BhM9hB6wbQc.0;server=GENERAL03000021;cloudType=Multitenant;environment=Prod_SoutheastAsia_000j;migrationStage=NotStarted}
{"logTime": "0324/134119", "correlationVector":"3ZZKH+neFoFGLPSlZ1lnL3","action":"Initial GetUpdates", "result":"", "context":Reason: NEW_CLIENT. cV=3ZZKH+neFoFGLPSlZ1lnL3}
{"logTime": "0324/134119", "correlationVector":"3ZZKH+neFoFGLPSlZ1lnL3.1","action":"SyncServerConnectionManagerRequest", "result":"SYNC_SERVER_OK", "context":{"environment":"Prod_SoutheastAsia_000j", "migrationStage":"NotStarted", "server":"GENERAL0300001X"}}
{"logTime": "0324/134119", "correlationVector":"3ZZKH+neFoFGLPSlZ1lnL3.2","action":"GetUpdates Response", "result":"SYNCER_OK", "context":Received 3 update(s). cV=3ZZKH+neFoFGLPSlZ1lnL3.0;server=GENERAL0300001X;cloudType=Multitenant;environment=Prod_SoutheastAsia_000j;migrationStage=NotStarted}
{"logTime": "0324/134119", "correlationVector":"1BTUTMx4SIpL4RvDhVDZ70","action":"Initial GetUpdates", "result":"", "context":Reason: NEW_CLIENT. cV=1BTUTMx4SIpL4RvDhVDZ70}
{"logTime": "0324/134120", "correlationVector":"1BTUTMx4SIpL4RvDhVDZ70.1","action":"SyncServerConnectionManagerRequest", "result":"SYNC_SERVER_OK", "context":{"environment":"Prod_SoutheastAsia_000j", "migrationStage":"NotStarted", "server":"GENERAL03000000"}}
{"logTime": "0324/134120", "correlationVector":"1BTUTMx4SIpL4RvDhVDZ70.2","action":"GetUpdates Response", "result":"SYNCER_OK", "context":Received 8 update(s). cV=1BTUTMx4SIpL4RvDhVDZ70.0;server=GENERAL03000000;cloudType=Multitenant;environment=Prod_SoutheastAsia_000j;migrationStage=NotStarted}
{"logTime": "0324/134120", "correlationVector":"C9vW42SgrxIP/TXWU0jSHF","action":"Initial GetUpdates", "result":"", "context":Reason: NEW_CLIENT. cV=C9vW42SgrxIP/TXWU0jSHF}
{"logTime": "0324/134120", "correlationVector":"C9vW42SgrxIP/TXWU0jSHF.1","action":"SyncServerConnectionManagerRequest", "result":"SYNC_SERVER_OK", "context":{"environment":"Prod_SoutheastAsia_000j", "migrationStage":"NotStarted", "server":"GENERAL0300000L"}}
{"logTime": "0324/134120", "correlationVector":"C9vW42SgrxIP/TXWU0jSHF.2","action":"GetUpdates Response", "result":"SYNCER_OK", "context":Received 3 update(s). cV=C9vW42SgrxIP/TXWU0jSHF.0;server=GENERAL0300000L;cloudType=Multitenant;environment=Prod_SoutheastAsia_000j;migrationStage=NotStarted}
{"logTime": "0324/134120", "correlationVector":"8pXM7WReC+ebeh/7Rrw9ie","action":"Normal GetUpdate request", "result":"", "context":cV=8pXM7WReC+ebeh/7Rrw9ie
Refresh requested types: Bookmarks, Passwords, Autofill Profiles, Autofill, Edge Wallet, Encryption Keys}
{"logTime": "0324/134120", "correlationVector":"8pXM7WReC+ebeh/7Rrw9ie.1","action":"SyncServerConnectionManagerRequest", "result":"SYNC_SERVER_OK", "context":{"environment":"Prod_SoutheastAsia_000j", "migrationStage":"NotStarted", "server":"GENERAL0100001B"}}
{"logTime": "0324/134120", "correlationVector":"8pXM7WReC+ebeh/7Rrw9ie.2","action":"GetUpdates Response", "result":"SYNCER_OK", "context":Received 0 update(s). cV=8pXM7WReC+ebeh/7Rrw9ie.0;server=GENERAL0100001B;cloudType=Multitenant;environment=Prod_SoutheastAsia_000j;migrationStage=NotStarted}
{"logTime": "0324/134617", "correlationVector":"dSJU2mNe7h7olbE+ceoXH7","action":"Normal GetUpdate request", "result":"", "context":cV=dSJU2mNe7h7olbE+ceoXH7
Refresh requested types: Bookmarks, Passwords, Autofill Profiles, Autofill, Edge Wallet, Encryption Keys}
{"logTime": "0324/134617", "correlationVector":"dSJU2mNe7h7olbE+ceoXH7.1","action":"SyncServerConnectionManagerRequest", "result":"SYNC_SERVER_OK", "context":{"environment":"Prod_SoutheastAsia_000j", "migrationStage":"NotStarted", "server":"GENERAL0100001B"}}
{"logTime": "0324/134617", "correlationVector":"dSJU2mNe7h7olbE+ceoXH7.2","action":"GetUpdates Response", "result":"SYNCER_OK", "context":Received 0 update(s). cV=dSJU2mNe7h7olbE+ceoXH7.0;server=GENERAL0100001B;cloudType=Multitenant;environment=Prod_SoutheastAsia_000j;migrationStage=NotStarted}
